#
# There is insufficient memory for the Java Runtime Environment to continue.
# Native memory allocation (mmap) failed to map 192413696 bytes for committing reserved memory.
# Possible reasons:
#   The system is out of physical RAM or swap space
#   In 32 bit mode, the process size limit was hit
# Possible solutions:
#   Reduce memory load on the system
#   Increase physical memory or swap space
#   Check if swap backing store is full
#   Use 64 bit Java on a 64 bit OS
#   Decrease Java heap size (-Xmx/-Xms)
#   Decrease number of Java threads
#   Decrease Java thread stack sizes (-Xss)
#   Set larger code cache with -XX:ReservedCodeCacheSize=
# This output file may be truncated or incomplete.
#
#  Out of Memory Error (os_linux.cpp:2673), pid=4202, tid=140595780970240
#
# JRE version: Java(TM) SE Runtime Environment (8.0_40-b25) (build 1.8.0_40-b25)
# Java VM: Java HotSpot(TM) 64-Bit Server VM (25.40-b25 mixed mode linux-amd64 compressed oops)
# Failed to write core dump. Core dumps have been disabled. To enable core dumping, try "ulimit -c unlimited" before starting Java again
#

---------------  T H R E A D  ---------------

Current thread (0x00007fdf18077800):  VMThread [stack: 0x00007fdf0184e000,0x00007fdf0194f000] [id=4212]

Stack: [0x00007fdf0184e000,0x00007fdf0194f000],  sp=0x00007fdf0194cfe0,  free space=1019k
Native frames: (J=compiled Java code, j=interpreted, Vv=VM code, C=native code)
V  [libjvm.so+0xaaca9a]  VMError::report_and_die()+0x2ba
V  [libjvm.so+0x4f333b]  report_vm_out_of_memory(char const*, int, unsigned long, VMErrorType, char const*)+0x8b
V  [libjvm.so+0x90e8c3]  os::Linux::commit_memory_impl(char*, unsigned long, bool)+0x103
V  [libjvm.so+0x90ee19]  os::pd_commit_memory(char*, unsigned long, unsigned long, bool)+0x29
V  [libjvm.so+0x90877a]  os::commit_memory(char*, unsigned long, unsigned long, bool)+0x2a
V  [libjvm.so+0x97bbc3]  PSVirtualSpace::expand_by(unsigned long)+0x53
V  [libjvm.so+0x97cfc8]  PSYoungGen::resize_generation(unsigned long, unsigned long)+0xf8
V  [libjvm.so+0x97c122]  PSYoungGen::resize(unsigned long, unsigned long)+0x22
V  [libjvm.so+0x9793fb]  PSScavenge::invoke_no_policy()+0xf7b
V  [libjvm.so+0x979b81]  PSScavenge::invoke()+0x41
V  [libjvm.so+0x932150]  ParallelScavengeHeap::failed_mem_allocate(unsigned long)+0x70
V  [libjvm.so+0xaae2d7]  VM_ParallelGCFailedAllocation::doit()+0x97
V  [libjvm.so+0xab5ac5]  VM_Operation::evaluate()+0x55
V  [libjvm.so+0xab3e9a]  VMThread::evaluate_operation(VM_Operation*)+0xba
V  [libjvm.so+0xab421e]  VMThread::loop()+0x1ce
V  [libjvm.so+0xab4690]  VMThread::run()+0x70
V  [libjvm.so+0x910ee8]  java_start(Thread*)+0x108

VM_Operation (0x00007fdf1e1c5470): ParallelGCFailedAllocation, mode: safepoint, requested by thread 0x00007fdf18009800


---------------  P R O C E S S  ---------------

Java Threads: ( => current thread )
  0x00007fdf180c2000 JavaThread "Service Thread" daemon [_thread_blocked, id=4219, stack(0x00007fdf00e7e000,0x00007fdf00f7f000)]
  0x00007fdf180bd000 JavaThread "C1 CompilerThread2" daemon [_thread_blocked, id=4218, stack(0x00007fdf00f7f000,0x00007fdf01080000)]
  0x00007fdf180bb800 JavaThread "C2 CompilerThread1" daemon [_thread_blocked, id=4217, stack(0x00007fdf01080000,0x00007fdf01181000)]
  0x00007fdf180b8800 JavaThread "C2 CompilerThread0" daemon [_thread_blocked, id=4216, stack(0x00007fdf01181000,0x00007fdf01282000)]
  0x00007fdf180b7000 JavaThread "Signal Dispatcher" daemon [_thread_blocked, id=4215, stack(0x00007fdf01282000,0x00007fdf01383000)]
  0x00007fdf1807e800 JavaThread "Finalizer" daemon [_thread_blocked, id=4214, stack(0x00007fdf0164c000,0x00007fdf0174d000)]
  0x00007fdf1807c800 JavaThread "Reference Handler" daemon [_thread_blocked, id=4213, stack(0x00007fdf0174d000,0x00007fdf0184e000)]
  0x00007fdf18009800 JavaThread "main" [_thread_blocked, id=4207, stack(0x00007fdf1e0c6000,0x00007fdf1e1c7000)]

Other Threads:
=>0x00007fdf18077800 VMThread [stack: 0x00007fdf0184e000,0x00007fdf0194f000] [id=4212]
  0x00007fdf180c4800 WatcherThread [stack: 0x00007fdf00d7d000,0x00007fdf00e7e000] [id=4220]

VM state:at safepoint (normal execution)

VM Mutex/Monitor currently owned by a thread:  ([mutex/lock_event])
[0x00007fdf18005eb0] Threads_lock - owner thread: 0x00007fdf18077800
[0x00007fdf180063b0] Heap_lock - owner thread: 0x00007fdf18009800

Heap:
 PSYoungGen      total 368640K, used 109554K [0x00000000d7580000, 0x00000000f4880000, 0x0000000100000000)
  eden space 259072K, 0% used [0x00000000d7580000,0x00000000d7580000,0x00000000e7280000)
  from space 109568K, 99% used [0x00000000e7280000,0x00000000edd7c8e0,0x00000000edd80000)
  to   space 108544K, 0% used [0x00000000ede80000,0x00000000ede80000,0x00000000f4880000)
 ParOldGen       total 352256K, used 351025K [0x0000000086000000, 0x000000009b800000, 0x00000000d7580000)
  object space 352256K, 99% used [0x0000000086000000,0x000000009b6cc568,0x000000009b800000)
 Metaspace       used 2909K, capacity 4664K, committed 4864K, reserved 1056768K
  class space    used 323K, capacity 424K, committed 512K, reserved 1048576K

Card table byte_map: [0x00007fdf079dd000,0x00007fdf07dae000] byte_map_base: 0x00007fdf075ad000

Marking Bits: (ParMarkBitMap*) 0x00007fdf1d5b36c0
 Begin Bits: [0x00007fdf0374f000, 0x00007fdf055cf000)
 End Bits:   [0x00007fdf055cf000, 0x00007fdf0744f000)

Polling page: 0x00007fdf1e1fa000

CodeCache: size=245760Kb used=1995Kb max_used=1999Kb free=243764Kb
 bounds [0x00007fdf0816e000, 0x00007fdf083de000, 0x00007fdf1716e000]
 total_blobs=532 nmethods=283 adapters=163
 compilation: enabled

Compilation events (10 events):
Event: 100.172 Thread 0x00007fdf180bb800  279       4       edu.uc.rphash.RPHashSimple::map (295 bytes)
Event: 100.527 Thread 0x00007fdf180bb800 nmethod 279 0x00007fdf08362b90 code [0x00007fdf08363060, 0x00007fdf08365e18]
Event: 101.592 Thread 0x00007fdf180bd000  280       3       java.util.HashMap$TreeNode::split (218 bytes)
Event: 101.596 Thread 0x00007fdf180bd000 nmethod 280 0x00007fdf08341bd0 code [0x00007fdf08341e00, 0x00007fdf08342d38]
Event: 103.437 Thread 0x00007fdf180bd000  281       3       java.util.AbstractList::<init> (10 bytes)
Event: 103.438 Thread 0x00007fdf180bd000 nmethod 281 0x00007fdf08337fd0 code [0x00007fdf08338140, 0x00007fdf08338350]
Event: 103.444 Thread 0x00007fdf180bd000  282       3       java.util.Arrays::copyOf (46 bytes)
Event: 103.445 Thread 0x00007fdf180bd000 nmethod 282 0x00007fdf08341190 code [0x00007fdf08341340, 0x00007fdf083419c8]
Event: 107.070 Thread 0x00007fdf180bd000  283       3       java.util.Arrays::copyOf (13 bytes)
Event: 107.071 Thread 0x00007fdf180bd000 nmethod 283 0x00007fdf08340d10 code [0x00007fdf08340e80, 0x00007fdf08341088]

GC Heap History (10 events):
Event: 93.730 GC heap after
Heap after GC invocations=21 (full 7):
 PSYoungGen      total 270848K, used 87533K [0x00000000d7580000, 0x00000000efa80000, 0x0000000100000000)
  eden space 183296K, 0% used [0x00000000d7580000,0x00000000d7580000,0x00000000e2880000)
  from space 87552K, 99% used [0x00000000e8e00000,0x00000000ee37b728,0x00000000ee380000)
  to   space 103936K, 0% used [0x00000000e2880000,0x00000000e2880000,0x00000000e8e00000)
 ParOldGen       total 293376K, used 247065K [0x0000000086000000, 0x0000000097e80000, 0x00000000d7580000)
  object space 293376K, 84% used [0x0000000086000000,0x0000000095146648,0x0000000097e80000)
 Metaspace       used 2906K, capacity 4664K, committed 4864K, reserved 1056768K
  class space    used 323K, capacity 424K, committed 512K, reserved 1048576K
}
Event: 93.730 GC heap before
{Heap before GC invocations=22 (full 8):
 PSYoungGen      total 270848K, used 87533K [0x00000000d7580000, 0x00000000efa80000, 0x0000000100000000)
  eden space 183296K, 0% used [0x00000000d7580000,0x00000000d7580000,0x00000000e2880000)
  from space 87552K, 99% used [0x00000000e8e00000,0x00000000ee37b728,0x00000000ee380000)
  to   space 103936K, 0% used [0x00000000e2880000,0x00000000e2880000,0x00000000e8e00000)
 ParOldGen       total 293376K, used 247065K [0x0000000086000000, 0x0000000097e80000, 0x00000000d7580000)
  object space 293376K, 84% used [0x0000000086000000,0x0000000095146648,0x0000000097e80000)
 Metaspace       used 2906K, capacity 4664K, committed 4864K, reserved 1056768K
  class space    used 323K, capacity 424K, committed 512K, reserved 1048576K
Event: 93.829 GC heap after
Heap after GC invocations=22 (full 8):
 PSYoungGen      total 270848K, used 0K [0x00000000d7580000, 0x00000000efa80000, 0x0000000100000000)
  eden space 183296K, 0% used [0x00000000d7580000,0x00000000d7580000,0x00000000e2880000)
  from space 87552K, 0% used [0x00000000e8e00000,0x00000000e8e00000,0x00000000ee380000)
  to   space 103936K, 0% used [0x00000000e2880000,0x00000000e2880000,0x00000000e8e00000)
 ParOldGen       total 306688K, used 134875K [0x0000000086000000, 0x0000000098b80000, 0x00000000d7580000)
  object space 306688K, 43% used [0x0000000086000000,0x000000008e3b6c80,0x0000000098b80000)
 Metaspace       used 2906K, capacity 4664K, committed 4864K, reserved 1056768K
  class space    used 323K, capacity 424K, committed 512K, reserved 1048576K
}
Event: 102.575 GC heap before
{Heap before GC invocations=23 (full 8):
 PSYoungGen      total 270848K, used 183296K [0x00000000d7580000, 0x00000000efa80000, 0x0000000100000000)
  eden space 183296K, 100% used [0x00000000d7580000,0x00000000e2880000,0x00000000e2880000)
  from space 87552K, 0% used [0x00000000e8e00000,0x00000000e8e00000,0x00000000ee380000)
  to   space 103936K, 0% used [0x00000000e2880000,0x00000000e2880000,0x00000000e8e00000)
 ParOldGen       total 306688K, used 134875K [0x0000000086000000, 0x0000000098b80000, 0x00000000d7580000)
  object space 306688K, 43% used [0x0000000086000000,0x000000008e3b6c80,0x0000000098b80000)
 Metaspace       used 2907K, capacity 4664K, committed 4864K, reserved 1056768K
  class space    used 323K, capacity 424K, committed 512K, reserved 1048576K
Event: 102.734 GC heap after
Heap after GC invocations=23 (full 8):
 PSYoungGen      total 287232K, used 70825K [0x00000000d7580000, 0x00000000f4a80000, 0x0000000100000000)
  eden space 183296K, 0% used [0x00000000d7580000,0x00000000d7580000,0x00000000e2880000)
  from space 103936K, 68% used [0x00000000e2880000,0x00000000e6daa518,0x00000000e8e00000)
  to   space 110592K, 0% used [0x00000000ede80000,0x00000000ede80000,0x00000000f4a80000)
 ParOldGen       total 306688K, used 134875K [0x0000000086000000, 0x0000000098b80000, 0x00000000d7580000)
  object space 306688K, 43% used [0x0000000086000000,0x000000008e3b6c80,0x0000000098b80000)
 Metaspace       used 2907K, capacity 4664K, committed 4864K, reserved 1056768K
  class space    used 323K, capacity 424K, committed 512K, reserved 1048576K
}
Event: 106.600 GC heap before
{Heap before GC invocations=24 (full 8):
 PSYoungGen      total 287232K, used 92780K [0x00000000d7580000, 0x00000000f4a80000, 0x0000000100000000)
  eden space 183296K, 11% used [0x00000000d7580000,0x00000000d8af0b40,0x00000000e2880000)
  from space 103936K, 68% used [0x00000000e2880000,0x00000000e6daa518,0x00000000e8e00000)
  to   space 110592K, 0% used [0x00000000ede80000,0x00000000ede80000,0x00000000f4a80000)
 ParOldGen       total 306688K, used 134875K [0x0000000086000000, 0x0000000098b80000, 0x00000000d7580000)
  object space 306688K, 43% used [0x0000000086000000,0x000000008e3b6c80,0x0000000098b80000)
 Metaspace       used 2908K, capacity 4664K, committed 4864K, reserved 1056768K
  class space    used 323K, capacity 424K, committed 512K, reserved 1048576K
Event: 106.635 GC heap after
Heap after GC invocations=24 (full 8):
 PSYoungGen      total 367616K, used 1340K [0x00000000d7580000, 0x00000000f4880000, 0x0000000100000000)
  eden space 259072K, 0% used [0x00000000d7580000,0x00000000d7580000,0x00000000e7280000)
  from space 108544K, 1% used [0x00000000ede80000,0x00000000edfcf040,0x00000000f4880000)
  to   space 109568K, 0% used [0x00000000e7280000,0x00000000e7280000,0x00000000edd80000)
 ParOldGen       total 306688K, used 199339K [0x0000000086000000, 0x0000000098b80000, 0x00000000d7580000)
  object space 306688K, 64% used [0x0000000086000000,0x00000000922aac28,0x0000000098b80000)
 Metaspace       used 2908K, capacity 4664K, committed 4864K, reserved 1056768K
  class space    used 323K, capacity 424K, committed 512K, reserved 1048576K
}
Event: 106.635 GC heap before
{Heap before GC invocations=25 (full 9):
 PSYoungGen      total 367616K, used 1340K [0x00000000d7580000, 0x00000000f4880000, 0x0000000100000000)
  eden space 259072K, 0% used [0x00000000d7580000,0x00000000d7580000,0x00000000e7280000)
  from space 108544K, 1% used [0x00000000ede80000,0x00000000edfcf040,0x00000000f4880000)
  to   space 109568K, 0% used [0x00000000e7280000,0x00000000e7280000,0x00000000edd80000)
 ParOldGen       total 306688K, used 199339K [0x0000000086000000, 0x0000000098b80000, 0x00000000d7580000)
  object space 306688K, 64% used [0x0000000086000000,0x00000000922aac28,0x0000000098b80000)
 Metaspace       used 2908K, capacity 4664K, committed 4864K, reserved 1056768K
  class space    used 323K, capacity 424K, committed 512K, reserved 1048576K
Event: 107.030 GC heap after
Heap after GC invocations=25 (full 9):
 PSYoungGen      total 367616K, used 0K [0x00000000d7580000, 0x00000000f4880000, 0x0000000100000000)
  eden space 259072K, 0% used [0x00000000d7580000,0x00000000d7580000,0x00000000e7280000)
  from space 108544K, 0% used [0x00000000ede80000,0x00000000ede80000,0x00000000f4880000)
  to   space 109568K, 0% used [0x00000000e7280000,0x00000000e7280000,0x00000000edd80000)
 ParOldGen       total 306688K, used 200204K [0x0000000086000000, 0x0000000098b80000, 0x00000000d7580000)
  object space 306688K, 65% used [0x0000000086000000,0x00000000923833a8,0x0000000098b80000)
 Metaspace       used 2908K, capacity 4664K, committed 4864K, reserved 1056768K
  class space    used 323K, capacity 424K, committed 512K, reserved 1048576K
}
Event: 124.245 GC heap before
{Heap before GC invocations=26 (full 9):
 PSYoungGen      total 367616K, used 259072K [0x00000000d7580000, 0x00000000f4880000, 0x0000000100000000)
  eden space 259072K, 100% used [0x00000000d7580000,0x00000000e7280000,0x00000000e7280000)
  from space 108544K, 0% used [0x00000000ede80000,0x00000000ede80000,0x00000000f4880000)
  to   space 109568K, 0% used [0x00000000e7280000,0x00000000e7280000,0x00000000edd80000)
 ParOldGen       total 306688K, used 200204K [0x0000000086000000, 0x0000000098b80000, 0x00000000d7580000)
  object space 306688K, 65% used [0x0000000086000000,0x00000000923833a8,0x0000000098b80000)
 Metaspace       used 2909K, capacity 4664K, committed 4864K, reserved 1056768K
  class space    used 323K, capacity 424K, committed 512K, reserved 1048576K

Deoptimization events (10 events):
Event: 29.316 Thread 0x00007fdf18009800 Uncommon trap: reason=class_check action=maybe_recompile pc=0x00007fdf0830465c method=java.util.HashMap.getNode(ILjava/lang/Object;)Ljava/util/HashMap$Node; @ 59
Event: 29.317 Thread 0x00007fdf18009800 Uncommon trap: reason=class_check action=maybe_recompile pc=0x00007fdf082f90fc method=java.util.HashMap.hash(Ljava/lang/Object;)I @ 9
Event: 29.339 Thread 0x00007fdf18009800 Uncommon trap: reason=class_check action=maybe_recompile pc=0x00007fdf0830465c method=java.util.HashMap.getNode(ILjava/lang/Object;)Ljava/util/HashMap$Node; @ 59
Event: 29.340 Thread 0x00007fdf18009800 Uncommon trap: reason=class_check action=maybe_recompile pc=0x00007fdf0830465c method=java.util.HashMap.getNode(ILjava/lang/Object;)Ljava/util/HashMap$Node; @ 59
Event: 29.895 Thread 0x00007fdf18009800 Uncommon trap: reason=unstable_if action=reinterpret pc=0x00007fdf08326eb0 method=edu.uc.rphash.RPHashSimple.reduce(Ledu/uc/rphash/Readers/RPHashObject;)Ledu/uc/rphash/Readers/RPHashObject; @ 171
Event: 29.936 Thread 0x00007fdf18009800 Uncommon trap: reason=class_check action=maybe_recompile pc=0x00007fdf082f90fc method=java.util.HashMap.hash(Ljava/lang/Object;)I @ 9
Event: 30.010 Thread 0x00007fdf18009800 Uncommon trap: reason=unstable_if action=reinterpret pc=0x00007fdf0832b2f4 method=edu.uc.rphash.tests.TestUtil.distance([F[F)F @ 12
Event: 49.932 Thread 0x00007fdf18009800 Uncommon trap: reason=unstable_if action=reinterpret pc=0x00007fdf0829ea38 method=java.util.LinkedList.linkLast(Ljava/lang/Object;)V @ 22
Event: 49.946 Thread 0x00007fdf18009800 Uncommon trap: reason=unstable_if action=reinterpret pc=0x00007fdf08319094 method=java.util.HashMap.getNode(ILjava/lang/Object;)Ljava/util/HashMap$Node; @ 6
Event: 99.167 Thread 0x00007fdf18009800 Uncommon trap: reason=unstable_if action=reinterpret pc=0x00007fdf082993ac method=java.util.Random.nextInt(I)I @ 58

Internal exceptions (7 events):
Event: 0.134 Thread 0x00007fdf18009800 Exception <a 'java/lang/NoSuchMethodError': Method sun.misc.Unsafe.defineClass(Ljava/lang/String;[BII)Ljava/lang/Class; name or signature does not match> (0x00000000d7592a38) thrown at [/HUDSON/workspace/8-2-build-linux-amd64/jdk8u40/2855/hotspot/src/shar
Event: 0.134 Thread 0x00007fdf18009800 Exception <a 'java/lang/NoSuchMethodError': Method sun.misc.Unsafe.prefetchRead(Ljava/lang/Object;J)V name or signature does not match> (0x00000000d7592cc8) thrown at [/HUDSON/workspace/8-2-build-linux-amd64/jdk8u40/2855/hotspot/src/share/vm/prims/jni.cpp
Event: 22.692 Thread 0x00007fdf18009800 Exception <a 'java/lang/ArrayIndexOutOfBoundsException': 18> (0x00000000d919b910) thrown at [/HUDSON/workspace/8-2-build-linux-amd64/jdk8u40/2855/hotspot/src/share/vm/interpreter/interpreterRuntime.cpp, line 366]
Event: 22.693 Thread 0x00007fdf18009800 Exception <a 'java/lang/ArrayIndexOutOfBoundsException': 58> (0x00000000d919c728) thrown at [/HUDSON/workspace/8-2-build-linux-amd64/jdk8u40/2855/hotspot/src/share/vm/interpreter/interpreterRuntime.cpp, line 366]
Event: 22.696 Thread 0x00007fdf18009800 Exception <a 'java/lang/ArrayIndexOutOfBoundsException': 40> (0x00000000d919d520) thrown at [/HUDSON/workspace/8-2-build-linux-amd64/jdk8u40/2855/hotspot/src/share/vm/interpreter/interpreterRuntime.cpp, line 366]
Event: 49.932 Thread 0x00007fdf18009800 Implicit null exception at 0x00007fdf0829e9de to 0x00007fdf0829ea1e
Event: 49.946 Thread 0x00007fdf18009800 Implicit null exception at 0x00007fdf0831877c to 0x00007fdf08319081

Events (10 events):
Event: 99.167 Thread 0x00007fdf18009800 Uncommon trap: trap_request=0xffffff65 fr.pc=0x00007fdf082993ac
Event: 99.167 Thread 0x00007fdf18009800 DEOPT PACKING pc=0x00007fdf082993ac sp=0x00007fdf1e1c5620
Event: 99.167 Thread 0x00007fdf18009800 DEOPT UNPACKING pc=0x00007fdf08173229 sp=0x00007fdf1e1c55e0 mode 2
Event: 100.172 Thread 0x00007fdf18009800 DEOPT PACKING pc=0x00007fdf0834dbd5 sp=0x00007fdf1e1c5600
Event: 100.172 Thread 0x00007fdf18009800 DEOPT UNPACKING pc=0x00007fdf081b5633 sp=0x00007fdf1e1c5458 mode 0
Event: 102.575 Executing VM operation: ParallelGCFailedAllocation
Event: 102.734 Executing VM operation: ParallelGCFailedAllocation done
Event: 106.600 Executing VM operation: ParallelGCSystemGC
Event: 107.030 Executing VM operation: ParallelGCSystemGC done
Event: 124.242 Executing VM operation: ParallelGCFailedAllocation


Dynamic libraries:
00400000-00401000 r-xp 00000000 08:02 2011593                            /usr/lib/jvm/java-8-oracle/bin/java
00600000-00601000 rw-p 00000000 08:02 2011593                            /usr/lib/jvm/java-8-oracle/bin/java
01b6a000-01b8b000 rw-p 00000000 00:00 0                                  [heap]
86000000-9b800000 rw-p 00000000 00:00 0 
9b800000-d7580000 ---p 00000000 00:00 0 
d7580000-f4880000 rw-p 00000000 00:00 0 
100000000-100080000 rw-p 00000000 00:00 0 
100080000-140000000 ---p 00000000 00:00 0 
7fdecc000000-7fdecc021000 rw-p 00000000 00:00 0 
7fdecc021000-7fded0000000 ---p 00000000 00:00 0 
7fded0000000-7fded0021000 rw-p 00000000 00:00 0 
7fded0021000-7fded4000000 ---p 00000000 00:00 0 
7fded4000000-7fded46d7000 rw-p 00000000 00:00 0 
7fded46d7000-7fded8000000 ---p 00000000 00:00 0 
7fded8000000-7fded80de000 rw-p 00000000 00:00 0 
7fded80de000-7fdedc000000 ---p 00000000 00:00 0 
7fdedc000000-7fdedc021000 rw-p 00000000 00:00 0 
7fdedc021000-7fdee0000000 ---p 00000000 00:00 0 
7fdee0000000-7fdee060f000 rw-p 00000000 00:00 0 
7fdee060f000-7fdee4000000 ---p 00000000 00:00 0 
7fdee4000000-7fdee4021000 rw-p 00000000 00:00 0 
7fdee4021000-7fdee8000000 ---p 00000000 00:00 0 
7fdee8000000-7fdee8021000 rw-p 00000000 00:00 0 
7fdee8021000-7fdeec000000 ---p 00000000 00:00 0 
7fdeec000000-7fdeec021000 rw-p 00000000 00:00 0 
7fdeec021000-7fdef0000000 ---p 00000000 00:00 0 
7fdef0000000-7fdef0021000 rw-p 00000000 00:00 0 
7fdef0021000-7fdef4000000 ---p 00000000 00:00 0 
7fdef4000000-7fdef4021000 rw-p 00000000 00:00 0 
7fdef4021000-7fdef8000000 ---p 00000000 00:00 0 
7fdef8000000-7fdef8021000 rw-p 00000000 00:00 0 
7fdef8021000-7fdefc000000 ---p 00000000 00:00 0 
7fdefc000000-7fdefc021000 rw-p 00000000 00:00 0 
7fdefc021000-7fdf00000000 ---p 00000000 00:00 0 
7fdf00af9000-7fdf00d7d000 rw-p 00000000 00:00 0 
7fdf00d7d000-7fdf00d7e000 ---p 00000000 00:00 0 
7fdf00d7e000-7fdf00e7e000 rw-p 00000000 00:00 0                          [stack:4220]
7fdf00e7e000-7fdf00e81000 ---p 00000000 00:00 0 
7fdf00e81000-7fdf00f7f000 rw-p 00000000 00:00 0                          [stack:4219]
7fdf00f7f000-7fdf00f82000 ---p 00000000 00:00 0 
7fdf00f82000-7fdf01080000 rw-p 00000000 00:00 0                          [stack:4218]
7fdf01080000-7fdf01083000 ---p 00000000 00:00 0 
7fdf01083000-7fdf01181000 rw-p 00000000 00:00 0                          [stack:4217]
7fdf01181000-7fdf01184000 ---p 00000000 00:00 0 
7fdf01184000-7fdf01282000 rw-p 00000000 00:00 0                          [stack:4216]
7fdf01282000-7fdf01285000 ---p 00000000 00:00 0 
7fdf01285000-7fdf01383000 rw-p 00000000 00:00 0                          [stack:4215]
7fdf01383000-7fdf0164c000 r--p 00000000 08:02 1972758                    /usr/lib/locale/locale-archive
7fdf0164c000-7fdf0164f000 ---p 00000000 00:00 0 
7fdf0164f000-7fdf0174d000 rw-p 00000000 00:00 0                          [stack:4214]
7fdf0174d000-7fdf01750000 ---p 00000000 00:00 0 
7fdf01750000-7fdf0184e000 rw-p 00000000 00:00 0                          [stack:4213]
7fdf0184e000-7fdf0184f000 ---p 00000000 00:00 0 
7fdf0184f000-7fdf02931000 rw-p 00000000 00:00 0                          [stack:4212]
7fdf02931000-7fdf02b09000 r--s 03d09000 08:02 2011705                    /usr/lib/jvm/java-8-oracle/jre/lib/rt.jar
7fdf02b09000-7fdf02fbf000 rw-p 00000000 00:00 0 
7fdf02fbf000-7fdf0337f000 ---p 00000000 00:00 0 
7fdf0337f000-7fdf0744f000 rw-p 00000000 00:00 0 
7fdf0744f000-7fdf07450000 ---p 00000000 00:00 0 
7fdf07450000-7fdf07550000 rw-p 00000000 00:00 0                          [stack:4211]
7fdf07550000-7fdf07551000 ---p 00000000 00:00 0 
7fdf07551000-7fdf07651000 rw-p 00000000 00:00 0                          [stack:4210]
7fdf07651000-7fdf07652000 ---p 00000000 00:00 0 
7fdf07652000-7fdf077fe000 rw-p 00000000 00:00 0                          [stack:4209]
7fdf077fe000-7fdf079dd000 ---p 00000000 00:00 0 
7fdf079dd000-7fdf07a89000 rw-p 00000000 00:00 0 
7fdf07a89000-7fdf07c67000 ---p 00000000 00:00 0 
7fdf07c67000-7fdf07d52000 rw-p 00000000 00:00 0 
7fdf07d52000-7fdf07dad000 ---p 00000000 00:00 0 
7fdf07dad000-7fdf07db8000 rw-p 00000000 00:00 0 
7fdf07db8000-7fdf0816e000 ---p 00000000 00:00 0 
7fdf0816e000-7fdf083de000 rwxp 00000000 00:00 0 
7fdf083de000-7fdf1716e000 ---p 00000000 00:00 0 
7fdf1716e000-7fdf17188000 r-xp 00000000 08:02 2012071                    /usr/lib/jvm/java-8-oracle/jre/lib/amd64/libzip.so
7fdf17188000-7fdf17388000 ---p 0001a000 08:02 2012071                    /usr/lib/jvm/java-8-oracle/jre/lib/amd64/libzip.so
7fdf17388000-7fdf17389000 rw-p 0001a000 08:02 2012071                    /usr/lib/jvm/java-8-oracle/jre/lib/amd64/libzip.so
7fdf17389000-7fdf17394000 r-xp 00000000 08:02 4194921                    /lib/x86_64-linux-gnu/libnss_files-2.19.so
7fdf17394000-7fdf17593000 ---p 0000b000 08:02 4194921                    /lib/x86_64-linux-gnu/libnss_files-2.19.so
7fdf17593000-7fdf17594000 r--p 0000a000 08:02 4194921                    /lib/x86_64-linux-gnu/libnss_files-2.19.so
7fdf17594000-7fdf17595000 rw-p 0000b000 08:02 4194921                    /lib/x86_64-linux-gnu/libnss_files-2.19.so
7fdf17595000-7fdf175a0000 r-xp 00000000 08:02 4194980                    /lib/x86_64-linux-gnu/libnss_nis-2.19.so
7fdf175a0000-7fdf1779f000 ---p 0000b000 08:02 4194980                    /lib/x86_64-linux-gnu/libnss_nis-2.19.so
7fdf1779f000-7fdf177a0000 r--p 0000a000 08:02 4194980                    /lib/x86_64-linux-gnu/libnss_nis-2.19.so
7fdf177a0000-7fdf177a1000 rw-p 0000b000 08:02 4194980                    /lib/x86_64-linux-gnu/libnss_nis-2.19.so
7fdf177a1000-7fdf177b8000 r-xp 00000000 08:02 4194958                    /lib/x86_64-linux-gnu/libnsl-2.19.so
7fdf177b8000-7fdf179b7000 ---p 00017000 08:02 4194958                    /lib/x86_64-linux-gnu/libnsl-2.19.so
7fdf179b7000-7fdf179b8000 r--p 00016000 08:02 4194958                    /lib/x86_64-linux-gnu/libnsl-2.19.so
7fdf179b8000-7fdf179b9000 rw-p 00017000 08:02 4194958                    /lib/x86_64-linux-gnu/libnsl-2.19.so
7fdf179b9000-7fdf179bb000 rw-p 00000000 00:00 0 
7fdf179bb000-7fdf179c4000 r-xp 00000000 08:02 4194956                    /lib/x86_64-linux-gnu/libnss_compat-2.19.so
7fdf179c4000-7fdf17bc3000 ---p 00009000 08:02 4194956                    /lib/x86_64-linux-gnu/libnss_compat-2.19.so
7fdf17bc3000-7fdf17bc4000 r--p 00008000 08:02 4194956                    /lib/x86_64-linux-gnu/libnss_compat-2.19.so
7fdf17bc4000-7fdf17bc5000 rw-p 00009000 08:02 4194956                    /lib/x86_64-linux-gnu/libnss_compat-2.19.so
7fdf17bc5000-7fdf17bef000 r-xp 00000000 08:02 2012076                    /usr/lib/jvm/java-8-oracle/jre/lib/amd64/libjava.so
7fdf17bef000-7fdf17def000 ---p 0002a000 08:02 2012076                    /usr/lib/jvm/java-8-oracle/jre/lib/amd64/libjava.so
7fdf17def000-7fdf17df1000 rw-p 0002a000 08:02 2012076                    /usr/lib/jvm/java-8-oracle/jre/lib/amd64/libjava.so
7fdf17df1000-7fdf17dfe000 r-xp 00000000 08:02 2012075                    /usr/lib/jvm/java-8-oracle/jre/lib/amd64/libverify.so
7fdf17dfe000-7fdf17ffe000 ---p 0000d000 08:02 2012075                    /usr/lib/jvm/java-8-oracle/jre/lib/amd64/libverify.so
7fdf17ffe000-7fdf18000000 rw-p 0000d000 08:02 2012075                    /usr/lib/jvm/java-8-oracle/jre/lib/amd64/libverify.so
7fdf18000000-7fdf18107000 rw-p 00000000 00:00 0 
7fdf18107000-7fdf1c000000 ---p 00000000 00:00 0 
7fdf1c007000-7fdf1c008000 ---p 00000000 00:00 0 
7fdf1c008000-7fdf1c108000 rw-p 00000000 00:00 0                          [stack:4208]
7fdf1c108000-7fdf1c10f000 r-xp 00000000 08:02 4194974                    /lib/x86_64-linux-gnu/librt-2.19.so
7fdf1c10f000-7fdf1c30e000 ---p 00007000 08:02 4194974                    /lib/x86_64-linux-gnu/librt-2.19.so
7fdf1c30e000-7fdf1c30f000 r--p 00006000 08:02 4194974                    /lib/x86_64-linux-gnu/librt-2.19.so
7fdf1c30f000-7fdf1c310000 rw-p 00007000 08:02 4194974                    /lib/x86_64-linux-gnu/librt-2.19.so
7fdf1c310000-7fdf1c415000 r-xp 00000000 08:02 4194866                    /lib/x86_64-linux-gnu/libm-2.19.so
7fdf1c415000-7fdf1c614000 ---p 00105000 08:02 4194866                    /lib/x86_64-linux-gnu/libm-2.19.so
7fdf1c614000-7fdf1c615000 r--p 00104000 08:02 4194866                    /lib/x86_64-linux-gnu/libm-2.19.so
7fdf1c615000-7fdf1c616000 rw-p 00105000 08:02 4194866                    /lib/x86_64-linux-gnu/libm-2.19.so
7fdf1c616000-7fdf1d2c4000 r-xp 00000000 08:02 2012085                    /usr/lib/jvm/java-8-oracle/jre/lib/amd64/server/libjvm.so
7fdf1d2c4000-7fdf1d4c3000 ---p 00cae000 08:02 2012085                    /usr/lib/jvm/java-8-oracle/jre/lib/amd64/server/libjvm.so
7fdf1d4c3000-7fdf1d59a000 rw-p 00cad000 08:02 2012085                    /usr/lib/jvm/java-8-oracle/jre/lib/amd64/server/libjvm.so
7fdf1d59a000-7fdf1d5de000 rw-p 00000000 00:00 0 
7fdf1d5de000-7fdf1d799000 r-xp 00000000 08:02 4194968                    /lib/x86_64-linux-gnu/libc-2.19.so
7fdf1d799000-7fdf1d998000 ---p 001bb000 08:02 4194968                    /lib/x86_64-linux-gnu/libc-2.19.so
7fdf1d998000-7fdf1d99c000 r--p 001ba000 08:02 4194968                    /lib/x86_64-linux-gnu/libc-2.19.so
7fdf1d99c000-7fdf1d99e000 rw-p 001be000 08:02 4194968                    /lib/x86_64-linux-gnu/libc-2.19.so
7fdf1d99e000-7fdf1d9a3000 rw-p 00000000 00:00 0 
7fdf1d9a3000-7fdf1d9a6000 r-xp 00000000 08:02 4194929                    /lib/x86_64-linux-gnu/libdl-2.19.so
7fdf1d9a6000-7fdf1dba5000 ---p 00003000 08:02 4194929                    /lib/x86_64-linux-gnu/libdl-2.19.so
7fdf1dba5000-7fdf1dba6000 r--p 00002000 08:02 4194929                    /lib/x86_64-linux-gnu/libdl-2.19.so
7fdf1dba6000-7fdf1dba7000 rw-p 00003000 08:02 4194929                    /lib/x86_64-linux-gnu/libdl-2.19.so
7fdf1dba7000-7fdf1dbbc000 r-xp 00000000 08:02 2011542                    /usr/lib/jvm/java-8-oracle/lib/amd64/jli/libjli.so
7fdf1dbbc000-7fdf1ddbc000 ---p 00015000 08:02 2011542                    /usr/lib/jvm/java-8-oracle/lib/amd64/jli/libjli.so
7fdf1ddbc000-7fdf1ddbd000 rw-p 00015000 08:02 2011542                    /usr/lib/jvm/java-8-oracle/lib/amd64/jli/libjli.so
7fdf1ddbd000-7fdf1ddd6000 r-xp 00000000 08:02 4194970                    /lib/x86_64-linux-gnu/libpthread-2.19.so
7fdf1ddd6000-7fdf1dfd5000 ---p 00019000 08:02 4194970                    /lib/x86_64-linux-gnu/libpthread-2.19.so
7fdf1dfd5000-7fdf1dfd6000 r--p 00018000 08:02 4194970                    /lib/x86_64-linux-gnu/libpthread-2.19.so
7fdf1dfd6000-7fdf1dfd7000 rw-p 00019000 08:02 4194970                    /lib/x86_64-linux-gnu/libpthread-2.19.so
7fdf1dfd7000-7fdf1dfdb000 rw-p 00000000 00:00 0 
7fdf1dfdb000-7fdf1dffe000 r-xp 00000000 08:02 4194962                    /lib/x86_64-linux-gnu/ld-2.19.so
7fdf1e01c000-7fdf1e0c6000 rw-p 00000000 00:00 0 
7fdf1e0c6000-7fdf1e0c9000 ---p 00000000 00:00 0 
7fdf1e0c9000-7fdf1e1cb000 rw-p 00000000 00:00 0                          [stack:4207]
7fdf1e1cf000-7fdf1e1f1000 rw-p 00000000 00:00 0 
7fdf1e1f1000-7fdf1e1f9000 rw-s 00000000 08:02 6947558                    /tmp/hsperfdata_lee/4202
7fdf1e1f9000-7fdf1e1fa000 rw-p 00000000 00:00 0 
7fdf1e1fa000-7fdf1e1fb000 ---p 00000000 00:00 0 
7fdf1e1fb000-7fdf1e1fd000 rw-p 00000000 00:00 0 
7fdf1e1fd000-7fdf1e1fe000 r--p 00022000 08:02 4194962                    /lib/x86_64-linux-gnu/ld-2.19.so
7fdf1e1fe000-7fdf1e1ff000 rw-p 00023000 08:02 4194962                    /lib/x86_64-linux-gnu/ld-2.19.so
7fdf1e1ff000-7fdf1e200000 rw-p 00000000 00:00 0 
7fff68d29000-7fff68d4a000 rw-p 00000000 00:00 0                          [stack]
7fff68db7000-7fff68db9000 r-xp 00000000 00:00 0                          [vdso]
7fff68db9000-7fff68dbb000 r--p 00000000 00:00 0                          [vvar]
ffffffffff600000-ffffffffff601000 r-xp 00000000 00:00 0                  [vsyscall]

VM Arguments:
jvm_args: -Dfile.encoding=UTF-8 
java_command: edu.uc.rphash.RPHashSimple
java_class_path (initial): /home/lee/workspace/RPHash/bin
Launcher Type: SUN_STANDARD

Environment Variables:
JAVA_HOME=/usr/lib/jvm/java-7-oracle
PATH=/usr/local/sbin:/usr/local/bin:/usr/sbin:/usr/bin:/sbin:/bin:/usr/games:/usr/local/games:/usr/lib/jvm/java-7-oracle/bin:/usr/lib/jvm/java-7-oracle/db/bin:/usr/lib/jvm/java-7-oracle/jre/bin
USERNAME=lee
SHELL=/bin/bash
DISPLAY=:0

Signal Handlers:
SIGSEGV: [libjvm.so+0xaad2e0], sa_mask[0]=11111111011111111101111111111110, sa_flags=SA_RESTART|SA_SIGINFO
SIGBUS: [libjvm.so+0xaad2e0], sa_mask[0]=11111111011111111101111111111110, sa_flags=SA_RESTART|SA_SIGINFO
SIGFPE: [libjvm.so+0x90b550], sa_mask[0]=11111111011111111101111111111110, sa_flags=SA_RESTART|SA_SIGINFO
SIGPIPE: [libjvm.so+0x90b550], sa_mask[0]=11111111011111111101111111111110, sa_flags=SA_RESTART|SA_SIGINFO
SIGXFSZ: [libjvm.so+0x90b550], sa_mask[0]=11111111011111111101111111111110, sa_flags=SA_RESTART|SA_SIGINFO
SIGILL: [libjvm.so+0x90b550], sa_mask[0]=11111111011111111101111111111110, sa_flags=SA_RESTART|SA_SIGINFO
SIGUSR1: SIG_DFL, sa_mask[0]=00000000000000000000000000000000, sa_flags=none
SIGUSR2: [libjvm.so+0x90cb90], sa_mask[0]=00100000000000000000000000000000, sa_flags=SA_RESTART|SA_SIGINFO
SIGHUP: [libjvm.so+0x90dee0], sa_mask[0]=11111111011111111101111111111110, sa_flags=SA_RESTART|SA_SIGINFO
SIGINT: SIG_IGN, sa_mask[0]=00000000000000000000000000000000, sa_flags=none
SIGTERM: [libjvm.so+0x90dee0], sa_mask[0]=11111111011111111101111111111110, sa_flags=SA_RESTART|SA_SIGINFO
SIGQUIT: [libjvm.so+0x90dee0], sa_mask[0]=11111111011111111101111111111110, sa_flags=SA_RESTART|SA_SIGINFO


---------------  S Y S T E M  ---------------

OS:DISTRIB_ID=LinuxMint
DISTRIB_RELEASE=17
DISTRIB_CODENAME=qiana
DISTRIB_DESCRIPTION="Linux Mint 17 Qiana"

uname:Linux 3.16.0-31-generic #43~14.04.1-Ubuntu SMP Tue Mar 10 20:13:38 UTC 2015 x86_64
libc:glibc 2.19 NPTL 2.19 
rlimit: STACK 8192k, CORE 0k, NPROC 30830, NOFILE 4096, AS infinity
load average:3.21 4.38 3.59

/proc/meminfo:
MemTotal:        7991008 kB
MemFree:          111416 kB
MemAvailable:      73468 kB
Buffers:            1132 kB
Cached:           281212 kB
SwapCached:            0 kB
Active:          7395324 kB
Inactive:         226764 kB
Active(anon):    7380864 kB
Inactive(anon):   208576 kB
Active(file):      14460 kB
Inactive(file):    18188 kB
Unevictable:          16 kB
Mlocked:              16 kB
SwapTotal:             0 kB
SwapFree:              0 kB
Dirty:                 0 kB
Writeback:             0 kB
AnonPages:       7339636 kB
Mapped:           168852 kB
Shmem:            249720 kB
Slab:             118512 kB
SReclaimable:      60384 kB
SUnreclaim:        58128 kB
KernelStack:       10048 kB
PageTables:        49440 kB
NFS_Unstable:          0 kB
Bounce:                0 kB
WritebackTmp:          0 kB
CommitLimit:     3995504 kB
Committed_AS:   10576484 kB
VmallocTotal:   34359738367 kB
VmallocUsed:      356556 kB
VmallocChunk:   34359283608 kB
HardwareCorrupted:     0 kB
AnonHugePages:   1415168 kB
HugePages_Total:       0
HugePages_Free:        0
HugePages_Rsvd:        0
HugePages_Surp:        0
Hugepagesize:       2048 kB
DirectMap4k:      195892 kB
DirectMap2M:     8007680 kB


CPU:total 4 (2 cores per cpu, 2 threads per core) family 6 model 58 stepping 9, cmov, cx8, fxsr, mmx, sse, sse2, sse3, ssse3, sse4.1, sse4.2, popcnt, avx, aes, clmul, erms, ht, tsc, tscinvbit, tscinv

/proc/cpuinfo:
processor	: 0
vendor_id	: GenuineIntel
cpu family	: 6
model		: 58
model name	: Intel(R) Core(TM) i5-3427U CPU @ 1.80GHz
stepping	: 9
microcode	: 0x19
cpu MHz		: 759.000
cache size	: 3072 KB
physical id	: 0
siblings	: 4
core id		: 0
cpu cores	: 2
apicid		: 0
initial apicid	: 0
fpu		: yes
fpu_exception	: yes
cpuid level	: 13
wp		: yes
flags		: fpu vme de pse tsc msr pae mce cx8 apic sep mtrr pge mca cmov pat pse36 clflush dts acpi mmx fxsr sse sse2 ss ht tm pbe syscall nx rdtscp lm constant_tsc arch_perfmon pebs bts rep_good nopl xtopology nonstop_tsc aperfmperf eagerfpu pni pclmulqdq dtes64 monitor ds_cpl vmx smx est tm2 ssse3 cx16 xtpr pdcm pcid sse4_1 sse4_2 x2apic popcnt tsc_deadline_timer aes xsave avx f16c rdrand lahf_lm ida arat epb xsaveopt pln pts dtherm tpr_shadow vnmi flexpriority ept vpid fsgsbase smep erms
bogomips	: 4589.63
clflush size	: 64
cache_alignment	: 64
address sizes	: 36 bits physical, 48 bits virtual
power management:

processor	: 1
vendor_id	: GenuineIntel
cpu family	: 6
model		: 58
model name	: Intel(R) Core(TM) i5-3427U CPU @ 1.80GHz
stepping	: 9
microcode	: 0x19
cpu MHz		: 759.000
cache size	: 3072 KB
physical id	: 0
siblings	: 4
core id		: 0
cpu cores	: 2
apicid		: 1
initial apicid	: 1
fpu		: yes
fpu_exception	: yes
cpuid level	: 13
wp		: yes
flags		: fpu vme de pse tsc msr pae mce cx8 apic sep mtrr pge mca cmov pat pse36 clflush dts acpi mmx fxsr sse sse2 ss ht tm pbe syscall nx rdtscp lm constant_tsc arch_perfmon pebs bts rep_good nopl xtopology nonstop_tsc aperfmperf eagerfpu pni pclmulqdq dtes64 monitor ds_cpl vmx smx est tm2 ssse3 cx16 xtpr pdcm pcid sse4_1 sse4_2 x2apic popcnt tsc_deadline_timer aes xsave avx f16c rdrand lahf_lm ida arat epb xsaveopt pln pts dtherm tpr_shadow vnmi flexpriority ept vpid fsgsbase smep erms
bogomips	: 4589.63
clflush size	: 64
cache_alignment	: 64
address sizes	: 36 bits physical, 48 bits virtual
power management:

processor	: 2
vendor_id	: GenuineIntel
cpu family	: 6
model		: 58
model name	: Intel(R) Core(TM) i5-3427U CPU @ 1.80GHz
stepping	: 9
microcode	: 0x19
cpu MHz		: 759.000
cache size	: 3072 KB
physical id	: 0
siblings	: 4
core id		: 1
cpu cores	: 2
apicid		: 2
initial apicid	: 2
fpu		: yes
fpu_exception	: yes
cpuid level	: 13
wp		: yes
flags		: fpu vme de pse tsc msr pae mce cx8 apic sep mtrr pge mca cmov pat pse36 clflush dts acpi mmx fxsr sse sse2 ss ht tm pbe syscall nx rdtscp lm constant_tsc arch_perfmon pebs bts rep_good nopl xtopology nonstop_tsc aperfmperf eagerfpu pni pclmulqdq dtes64 monitor ds_cpl vmx smx est tm2 ssse3 cx16 xtpr pdcm pcid sse4_1 sse4_2 x2apic popcnt tsc_deadline_timer aes xsave avx f16c rdrand lahf_lm ida arat epb xsaveopt pln pts dtherm tpr_shadow vnmi flexpriority ept vpid fsgsbase smep erms
bogomips	: 4589.63
clflush size	: 64
cache_alignment	: 64
address sizes	: 36 bits physical, 48 bits virtual
power management:

processor	: 3
vendor_id	: GenuineIntel
cpu family	: 6
model		: 58
model name	: Intel(R) Core(TM) i5-3427U CPU @ 1.80GHz
stepping	: 9
microcode	: 0x19
cpu MHz		: 759.000
cache size	: 3072 KB
physical id	: 0
siblings	: 4
core id		: 1
cpu cores	: 2
apicid		: 3
initial apicid	: 3
fpu		: yes
fpu_exception	: yes
cpuid level	: 13
wp		: yes
flags		: fpu vme de pse tsc msr pae mce cx8 apic sep mtrr pge mca cmov pat pse36 clflush dts acpi mmx fxsr sse sse2 ss ht tm pbe syscall nx rdtscp lm constant_tsc arch_perfmon pebs bts rep_good nopl xtopology nonstop_tsc aperfmperf eagerfpu pni pclmulqdq dtes64 monitor ds_cpl vmx smx est tm2 ssse3 cx16 xtpr pdcm pcid sse4_1 sse4_2 x2apic popcnt tsc_deadline_timer aes xsave avx f16c rdrand lahf_lm ida arat epb xsaveopt pln pts dtherm tpr_shadow vnmi flexpriority ept vpid fsgsbase smep erms
bogomips	: 4589.63
clflush size	: 64
cache_alignment	: 64
address sizes	: 36 bits physical, 48 bits virtual
power management:



Memory: 4k page, physical 7991008k(111416k free), swap 0k(0k free)

vm_info: Java HotSpot(TM) 64-Bit Server VM (25.40-b25) for linux-amd64 JRE (1.8.0_40-b25), built on Feb 10 2015 21:29:53 by "java_re" with gcc 4.3.0 20080428 (Red Hat 4.3.0-8)

time: Mon Mar 30 21:06:06 2015
elapsed time: 124 seconds (0d 0h 2m 4s)

